2019-05-08 21:58:10.274 - INFO  [           main] o.s.b.StartupInfoLogger        : Starting DemoApplication on john-wjy with PID 10892 (D:\JavaWorkspace_study\demo\target\classes started by 金勇 in D:\JavaWorkspace_study\demo)
2019-05-08 21:58:10.314 - INFO  [           main] o.s.b.SpringApplication        : No active profile set, falling back to default profiles: default
2019-05-08 21:58:13.699 - INFO  [           main] o.s.b.w.e.t.TomcatWebServer    : Tomcat initialized with port(s): 9090 (http)
2019-05-08 21:58:13.769 - INFO  [           main] o.a.j.l.DirectJDKLog           : Initializing ProtocolHandler ["http-nio-9090"]
2019-05-08 21:58:13.800 - INFO  [           main] o.a.j.l.DirectJDKLog           : Starting service [Tomcat]
2019-05-08 21:58:13.808 - INFO  [           main] o.a.j.l.DirectJDKLog           : Starting Servlet engine: [Apache Tomcat/9.0.17]
2019-05-08 21:58:14.142 - INFO  [           main] o.a.j.l.DirectJDKLog           : Initializing Spring embedded WebApplicationContext
2019-05-08 21:58:14.142 - INFO  [           main] letWebServerApplicationContext : Root WebApplicationContext: initialization completed in 3739 ms
2019-05-08 21:58:14.868 - INFO  [           main] c.ExecutorConfigurationSupport : Initializing ExecutorService 'applicationTaskExecutor'
2019-05-08 21:58:15.251 - INFO  [           main] o.a.j.l.DirectJDKLog           : Starting ProtocolHandler ["http-nio-9090"]
2019-05-08 21:58:15.402 - INFO  [           main] o.s.b.w.e.t.TomcatWebServer    : Tomcat started on port(s): 9090 (http) with context path ''
2019-05-08 21:58:15.410 - INFO  [           main] o.s.b.StartupInfoLogger        : Started DemoApplication in 6.644 seconds (JVM running for 8.947)
2019-05-08 21:59:35.548 - INFO  [           main] o.s.b.StartupInfoLogger        : Starting DemoApplication on john-wjy with PID 16560 (D:\JavaWorkspace_study\demo\target\classes started by 金勇 in D:\JavaWorkspace_study\demo)
2019-05-08 21:59:35.556 - INFO  [           main] o.s.b.SpringApplication        : No active profile set, falling back to default profiles: default
2019-05-08 21:59:39.005 - INFO  [           main] o.s.b.w.e.t.TomcatWebServer    : Tomcat initialized with port(s): 9090 (http)
2019-05-08 21:59:39.106 - INFO  [           main] o.a.j.l.DirectJDKLog           : Initializing ProtocolHandler ["http-nio-9090"]
2019-05-08 21:59:39.136 - INFO  [           main] o.a.j.l.DirectJDKLog           : Starting service [Tomcat]
2019-05-08 21:59:39.136 - INFO  [           main] o.a.j.l.DirectJDKLog           : Starting Servlet engine: [Apache Tomcat/9.0.17]
2019-05-08 21:59:39.408 - INFO  [           main] o.a.j.l.DirectJDKLog           : Initializing Spring embedded WebApplicationContext
2019-05-08 21:59:39.408 - INFO  [           main] letWebServerApplicationContext : Root WebApplicationContext: initialization completed in 3742 ms
2019-05-08 21:59:40.071 - INFO  [           main] c.ExecutorConfigurationSupport : Initializing ExecutorService 'applicationTaskExecutor'
2019-05-08 21:59:40.434 - INFO  [           main] o.a.j.l.DirectJDKLog           : Starting ProtocolHandler ["http-nio-9090"]
2019-05-08 21:59:40.597 - INFO  [           main] o.s.b.w.e.t.TomcatWebServer    : Tomcat started on port(s): 9090 (http) with context path ''
2019-05-08 21:59:40.607 - INFO  [           main] o.s.b.StartupInfoLogger        : Started DemoApplication in 6.495 seconds (JVM running for 8.049)
2019-05-08 22:08:17.207 - INFO  [           main] o.s.b.StartupInfoLogger        : Starting DemoApplication on john-wjy with PID 24192 (D:\JavaWorkspace_study\demo\target\classes started by 金勇 in D:\JavaWorkspace_study\demo)
2019-05-08 22:08:17.223 - INFO  [           main] o.s.b.SpringApplication        : No active profile set, falling back to default profiles: default
2019-05-08 22:08:20.574 - INFO  [           main] o.s.b.w.e.t.TomcatWebServer    : Tomcat initialized with port(s): 9090 (http)
2019-05-08 22:08:20.627 - INFO  [           main] o.a.j.l.DirectJDKLog           : Initializing ProtocolHandler ["http-nio-9090"]
2019-05-08 22:08:20.667 - INFO  [           main] o.a.j.l.DirectJDKLog           : Starting service [Tomcat]
2019-05-08 22:08:20.667 - INFO  [           main] o.a.j.l.DirectJDKLog           : Starting Servlet engine: [Apache Tomcat/9.0.17]
2019-05-08 22:08:20.949 - INFO  [           main] o.a.j.l.DirectJDKLog           : Initializing Spring embedded WebApplicationContext
2019-05-08 22:08:20.949 - INFO  [           main] letWebServerApplicationContext : Root WebApplicationContext: initialization completed in 3642 ms
2019-05-08 22:08:21.533 - INFO  [           main] c.ExecutorConfigurationSupport : Initializing ExecutorService 'applicationTaskExecutor'
2019-05-08 22:08:21.916 - INFO  [           main] o.a.j.l.DirectJDKLog           : Starting ProtocolHandler ["http-nio-9090"]
2019-05-08 22:08:22.047 - INFO  [           main] o.s.b.w.e.t.TomcatWebServer    : Tomcat started on port(s): 9090 (http) with context path ''
2019-05-08 22:08:22.057 - INFO  [           main] o.s.b.StartupInfoLogger        : Started DemoApplication in 7.109 seconds (JVM running for 9.09)
2019-05-08 22:08:41.912 - INFO  [           main] o.s.b.StartupInfoLogger        : Starting DemoApplication on john-wjy with PID 17028 (D:\JavaWorkspace_study\demo\target\classes started by 金勇 in D:\JavaWorkspace_study\demo)
2019-05-08 22:08:41.914 - INFO  [           main] o.s.b.SpringApplication        : No active profile set, falling back to default profiles: default
2019-05-08 22:08:44.904 - INFO  [           main] o.s.b.w.e.t.TomcatWebServer    : Tomcat initialized with port(s): 9090 (http)
2019-05-08 22:08:44.958 - INFO  [           main] o.a.j.l.DirectJDKLog           : Initializing ProtocolHandler ["http-nio-9090"]
2019-05-08 22:08:44.989 - INFO  [           main] o.a.j.l.DirectJDKLog           : Starting service [Tomcat]
2019-05-08 22:08:45.005 - INFO  [           main] o.a.j.l.DirectJDKLog           : Starting Servlet engine: [Apache Tomcat/9.0.17]
2019-05-08 22:08:45.292 - INFO  [           main] o.a.j.l.DirectJDKLog           : Initializing Spring embedded WebApplicationContext
2019-05-08 22:08:45.300 - INFO  [           main] letWebServerApplicationContext : Root WebApplicationContext: initialization completed in 3321 ms
2019-05-08 22:08:46.307 - INFO  [           main] c.ExecutorConfigurationSupport : Initializing ExecutorService 'applicationTaskExecutor'
2019-05-08 22:08:46.944 - INFO  [           main] o.a.j.l.DirectJDKLog           : Starting ProtocolHandler ["http-nio-9090"]
2019-05-08 22:08:47.075 - INFO  [           main] o.s.b.w.e.t.TomcatWebServer    : Tomcat started on port(s): 9090 (http) with context path ''
2019-05-08 22:08:47.085 - INFO  [           main] o.s.b.StartupInfoLogger        : Started DemoApplication in 6.731 seconds (JVM running for 8.293)
2019-05-08 22:09:56.015 - INFO  [           main] o.s.b.StartupInfoLogger        : Starting DemoApplication on john-wjy with PID 17432 (D:\JavaWorkspace_study\demo\target\classes started by 金勇 in D:\JavaWorkspace_study\demo)
2019-05-08 22:09:56.015 - INFO  [           main] o.s.b.SpringApplication        : No active profile set, falling back to default profiles: default
2019-05-08 22:09:59.161 - INFO  [           main] o.s.b.w.e.t.TomcatWebServer    : Tomcat initialized with port(s): 9090 (http)
2019-05-08 22:09:59.231 - INFO  [           main] o.a.j.l.DirectJDKLog           : Initializing ProtocolHandler ["http-nio-9090"]
2019-05-08 22:09:59.261 - INFO  [           main] o.a.j.l.DirectJDKLog           : Starting service [Tomcat]
2019-05-08 22:09:59.261 - INFO  [           main] o.a.j.l.DirectJDKLog           : Starting Servlet engine: [Apache Tomcat/9.0.17]
2019-05-08 22:09:59.562 - INFO  [           main] o.a.j.l.DirectJDKLog           : Initializing Spring embedded WebApplicationContext
2019-05-08 22:09:59.562 - INFO  [           main] letWebServerApplicationContext : Root WebApplicationContext: initialization completed in 3463 ms
2019-05-08 22:10:00.288 - INFO  [           main] c.ExecutorConfigurationSupport : Initializing ExecutorService 'applicationTaskExecutor'
2019-05-08 22:10:00.622 - INFO  [           main] o.a.j.l.DirectJDKLog           : Starting ProtocolHandler ["http-nio-9090"]
2019-05-08 22:10:00.733 - INFO  [           main] o.s.b.w.e.t.TomcatWebServer    : Tomcat started on port(s): 9090 (http) with context path ''
2019-05-08 22:10:00.743 - INFO  [           main] o.s.b.StartupInfoLogger        : Started DemoApplication in 6.077 seconds (JVM running for 7.961)
